<?xml version="1.0" encoding="UTF-8"?>
<testsuite name="CalculatorUnitTests" tests="1" skipped="0" failures="0" errors="0" timestamp="2021-11-24T21:42:46" hostname="Kierans-MBP-2" time="0.001">
  <properties/>
  <testcase name="testAddition()" classname="CalculatorUnitTests" time="0.001"/>
  <system-out><![CDATA[]]></system-out>
  <system-err><![CDATA[]]></system-err>
</testsuite>
